[ 2017-02-22T03:49:08+08:00 ] 101.226.66.172 /yanwan/index.php/Home/Userinfo/staffinfoshow
INFO: [ app_init ] --START--
INFO: Run Behavior\BuildLiteBehavior [ RunTime:0.000029s ]
INFO: [ app_init ] --END-- [ RunTime:0.000820s ]
INFO: [ app_begin ] --START--
INFO: Run Behavior\ReadHtmlCacheBehavior [ RunTime:0.000741s ]
INFO: [ app_begin ] --END-- [ RunTime:0.000828s ]

[ 2017-02-22T05:31:57+08:00 ] 183.57.53.196 /yanwan/index.php/Home/Userinfo/searchuserinfo?jsoncallback%26field%3DYW_User_ID%26searchkey%3D1
INFO: [ app_init ] --START--
INFO: Run Behavior\BuildLiteBehavior [ RunTime:0.000017s ]
INFO: [ app_init ] --END-- [ RunTime:0.000678s ]
INFO: [ app_begin ] --START--
INFO: Run Behavior\ReadHtmlCacheBehavior [ RunTime:0.000713s ]
INFO: [ app_begin ] --END-- [ RunTime:0.000767s ]

[ 2017-02-22T06:40:29+08:00 ] 112.90.82.218 /yanwan/index.php/Home/Userinfo/userfinfoshow/?YW_User_ID%253D1
INFO: [ app_init ] --START--
INFO: Run Behavior\BuildLiteBehavior [ RunTime:0.000020s ]
INFO: [ app_init ] --END-- [ RunTime:0.000397s ]
INFO: [ app_begin ] --START--
INFO: Run Behavior\ReadHtmlCacheBehavior [ RunTime:0.000489s ]
INFO: [ app_begin ] --END-- [ RunTime:0.000548s ]

[ 2017-02-22T06:40:38+08:00 ] 180.153.206.23 /yanwan/index.php/Home/Userinfo/userfinfoshow/?YW_User_ID%253D1
INFO: [ app_init ] --START--
INFO: Run Behavior\BuildLiteBehavior [ RunTime:0.000019s ]
INFO: [ app_init ] --END-- [ RunTime:0.000431s ]
INFO: [ app_begin ] --START--
INFO: Run Behavior\ReadHtmlCacheBehavior [ RunTime:0.000372s ]
INFO: [ app_begin ] --END-- [ RunTime:0.000425s ]

[ 2017-02-22T07:46:38+08:00 ] 183.57.53.196 /yanwan/index.php/Home/Userinfo/userfinfoshow?YW_User_ID%25252525253D1%252525252526tablename%25252525253Dyw_user_info
INFO: [ app_init ] --START--
INFO: Run Behavior\BuildLiteBehavior [ RunTime:0.000016s ]
INFO: [ app_init ] --END-- [ RunTime:0.000357s ]
INFO: [ app_begin ] --START--
INFO: Run Behavior\ReadHtmlCacheBehavior [ RunTime:0.000404s ]
INFO: [ app_begin ] --END-- [ RunTime:0.000446s ]

[ 2017-02-22T07:46:47+08:00 ] 180.153.206.20 /yanwan/index.php/Home/Userinfo/userfinfoshow?YW_User_ID%25252525253D1%252525252526tablename%25252525253Dyw_user_info
INFO: [ app_init ] --START--
INFO: Run Behavior\BuildLiteBehavior [ RunTime:0.000014s ]
INFO: [ app_init ] --END-- [ RunTime:0.000281s ]
INFO: [ app_begin ] --START--
INFO: Run Behavior\ReadHtmlCacheBehavior [ RunTime:0.000460s ]
INFO: [ app_begin ] --END-- [ RunTime:0.000511s ]

[ 2017-02-22T07:50:56+08:00 ] 119.147.207.158 /yanwan/index.php/Home/Userinfo/userfinfoshowone%25EF%25BC%259F
INFO: [ app_init ] --START--
INFO: Run Behavior\BuildLiteBehavior [ RunTime:0.000020s ]
INFO: [ app_init ] --END-- [ RunTime:0.000312s ]
INFO: [ app_begin ] --START--
INFO: Run Behavior\ReadHtmlCacheBehavior [ RunTime:0.000443s ]
INFO: [ app_begin ] --END-- [ RunTime:0.000498s ]

[ 2017-02-22T07:51:06+08:00 ] 180.153.211.172 /yanwan/index.php/Home/Userinfo/skininfoshow?YW_User_ID%25252525253D1
INFO: [ app_init ] --START--
INFO: Run Behavior\BuildLiteBehavior [ RunTime:0.000014s ]
INFO: [ app_init ] --END-- [ RunTime:0.000264s ]
INFO: [ app_begin ] --START--
INFO: Run Behavior\ReadHtmlCacheBehavior [ RunTime:0.000300s ]
INFO: [ app_begin ] --END-- [ RunTime:0.000340s ]

[ 2017-02-22T07:51:06+08:00 ] 101.226.99.197 /yanwan/index.php/Home/Userinfo/skininfoshow?YW_User_ID%25252525253D1
INFO: [ app_init ] --START--
INFO: Run Behavior\BuildLiteBehavior [ RunTime:0.000014s ]
INFO: [ app_init ] --END-- [ RunTime:0.000244s ]
INFO: [ app_begin ] --START--
INFO: Run Behavior\ReadHtmlCacheBehavior [ RunTime:0.000299s ]
INFO: [ app_begin ] --END-- [ RunTime:0.000341s ]

[ 2017-02-22T07:51:06+08:00 ] 101.226.33.208 /yanwan/index.php/Home/Userinfo/skininfoshow?YW_User_ID%25252525253D1
INFO: [ app_init ] --START--
INFO: Run Behavior\BuildLiteBehavior [ RunTime:0.000015s ]
INFO: [ app_init ] --END-- [ RunTime:0.000248s ]
INFO: [ app_begin ] --START--
INFO: Run Behavior\ReadHtmlCacheBehavior [ RunTime:0.000300s ]
INFO: [ app_begin ] --END-- [ RunTime:0.000338s ]

[ 2017-02-22T07:51:06+08:00 ] 101.226.33.239 /yanwan/index.php/Home/Userinfo/userfinfoshowone%25EF%25BC%259F
INFO: [ app_init ] --START--
INFO: Run Behavior\BuildLiteBehavior [ RunTime:0.000015s ]
INFO: [ app_init ] --END-- [ RunTime:0.000256s ]
INFO: [ app_begin ] --START--
INFO: Run Behavior\ReadHtmlCacheBehavior [ RunTime:0.000446s ]
INFO: [ app_begin ] --END-- [ RunTime:0.000503s ]

[ 2017-02-22T07:51:06+08:00 ] 101.226.33.203 /yanwan/index.php/Home/Userinfo/skininfoshow?YW_User_ID%25252525253D1
INFO: [ app_init ] --START--
INFO: Run Behavior\BuildLiteBehavior [ RunTime:0.000015s ]
INFO: [ app_init ] --END-- [ RunTime:0.000310s ]
INFO: [ app_begin ] --START--
INFO: Run Behavior\ReadHtmlCacheBehavior [ RunTime:0.000343s ]
INFO: [ app_begin ] --END-- [ RunTime:0.000393s ]

[ 2017-02-22T09:38:12+08:00 ] 101.226.33.237 /yanwan/index.php/Home/Consumel/user_vip
INFO: [ app_init ] --START--
INFO: Run Behavior\BuildLiteBehavior [ RunTime:0.000014s ]
INFO: [ app_init ] --END-- [ RunTime:0.000277s ]
INFO: [ app_begin ] --START--
INFO: Run Behavior\ReadHtmlCacheBehavior [ RunTime:0.000483s ]
INFO: [ app_begin ] --END-- [ RunTime:0.000556s ]
ERR: 无法加载控制器:Consumel

[ 2017-02-22T09:43:52+08:00 ] 101.226.65.104 /yanwan/index.php/Home/Userinfo/userfinfoshow/?YW_User_ID%25253D1
INFO: [ app_init ] --START--
INFO: Run Behavior\BuildLiteBehavior [ RunTime:0.000019s ]
INFO: [ app_init ] --END-- [ RunTime:0.000371s ]
INFO: [ app_begin ] --START--
INFO: Run Behavior\ReadHtmlCacheBehavior [ RunTime:0.000467s ]
INFO: [ app_begin ] --END-- [ RunTime:0.000521s ]

[ 2017-02-22T09:51:00+08:00 ] 101.226.51.228 /yanwan/index.php/Home/Userinfo/userinfoupdata?YW_User_ID%253D1%2526tablename%253Dyw_user_info
INFO: [ app_init ] --START--
INFO: Run Behavior\BuildLiteBehavior [ RunTime:0.000020s ]
INFO: [ app_init ] --END-- [ RunTime:0.000287s ]
INFO: [ app_begin ] --START--
INFO: Run Behavior\ReadHtmlCacheBehavior [ RunTime:0.000345s ]
INFO: [ app_begin ] --END-- [ RunTime:0.000391s ]

[ 2017-02-22T10:05:00+08:00 ] 180.163.1.46 /yanwan/index.php/Home/Userinfo/userfinfoshowone%2525EF%2525BC%25259F
INFO: [ app_init ] --START--
INFO: Run Behavior\BuildLiteBehavior [ RunTime:0.000019s ]
INFO: [ app_init ] --END-- [ RunTime:0.000381s ]
INFO: [ app_begin ] --START--
INFO: Run Behavior\ReadHtmlCacheBehavior [ RunTime:0.000493s ]
INFO: [ app_begin ] --END-- [ RunTime:0.000558s ]

[ 2017-02-22T10:13:36+08:00 ] 180.153.214.191 /yanwan/index.php/Home/Userinfo/skininfoshow?YW_User_ID%2525252525253D1
INFO: [ app_init ] --START--
INFO: Run Behavior\BuildLiteBehavior [ RunTime:0.000018s ]
INFO: [ app_init ] --END-- [ RunTime:0.000347s ]
INFO: [ app_begin ] --START--
INFO: Run Behavior\ReadHtmlCacheBehavior [ RunTime:0.000350s ]
INFO: [ app_begin ] --END-- [ RunTime:0.000394s ]

[ 2017-02-22T10:37:55+08:00 ] 101.226.33.240 /yanwan/index.php/Home/Userinfo/userfinfoshow?YW_User_ID%2525252525253D1%25252525252526tablename%2525252525253Dyw_user_info
INFO: [ app_init ] --START--
INFO: Run Behavior\BuildLiteBehavior [ RunTime:0.000013s ]
INFO: [ app_init ] --END-- [ RunTime:0.000320s ]
INFO: [ app_begin ] --START--
INFO: Run Behavior\ReadHtmlCacheBehavior [ RunTime:0.000360s ]
INFO: [ app_begin ] --END-- [ RunTime:0.000402s ]

[ 2017-02-22T11:05:14+08:00 ] 183.57.53.197 /yanwan/index.php/Home/Userinfo/userinfoupdata?jsoncallback%26
INFO: [ app_init ] --START--
INFO: Run Behavior\BuildLiteBehavior [ RunTime:0.000014s ]
INFO: [ app_init ] --END-- [ RunTime:0.000276s ]
INFO: [ app_begin ] --START--
INFO: Run Behavior\ReadHtmlCacheBehavior [ RunTime:0.000342s ]
INFO: [ app_begin ] --END-- [ RunTime:0.000387s ]

[ 2017-02-22T12:06:57+08:00 ] 180.153.206.23 /yanwan/index.php/Home/Userinfo/userinfoupdata?YW_User_ID%25253D1%252526tablename%25253Dyw_user_info
INFO: [ app_init ] --START--
INFO: Run Behavior\BuildLiteBehavior [ RunTime:0.000021s ]
INFO: [ app_init ] --END-- [ RunTime:0.000427s ]
INFO: [ app_begin ] --START--
INFO: Run Behavior\ReadHtmlCacheBehavior [ RunTime:0.000519s ]
INFO: [ app_begin ] --END-- [ RunTime:0.000579s ]

[ 2017-02-22T12:15:42+08:00 ] 180.153.201.15 /yanwan/index.php/Home/Userinfo/userfinfoshow/?YW_User_ID%2525253D1
INFO: [ app_init ] --START--
INFO: Run Behavior\BuildLiteBehavior [ RunTime:0.000020s ]
INFO: [ app_init ] --END-- [ RunTime:0.000386s ]
INFO: [ app_begin ] --START--
INFO: Run Behavior\ReadHtmlCacheBehavior [ RunTime:0.000467s ]
INFO: [ app_begin ] --END-- [ RunTime:0.000524s ]

[ 2017-02-22T12:59:07+08:00 ] 101.226.68.215 /yanwan/index.php/Home/Userinfo/skininfoshow?YW_User_ID%252525252525253D1
INFO: [ app_init ] --START--
INFO: Run Behavior\BuildLiteBehavior [ RunTime:0.000016s ]
INFO: [ app_init ] --END-- [ RunTime:0.000355s ]
INFO: [ app_begin ] --START--
INFO: Run Behavior\ReadHtmlCacheBehavior [ RunTime:0.000325s ]
INFO: [ app_begin ] --END-- [ RunTime:0.000438s ]

[ 2017-02-22T12:59:17+08:00 ] 180.153.160.24 /yanwan/index.php/Home/Userinfo/skininfoshow?YW_User_ID%252525252525253D1
INFO: [ app_init ] --START--
INFO: Run Behavior\BuildLiteBehavior [ RunTime:0.000015s ]
INFO: [ app_init ] --END-- [ RunTime:0.000474s ]
INFO: [ app_begin ] --START--
INFO: Run Behavior\ReadHtmlCacheBehavior [ RunTime:0.000486s ]
INFO: [ app_begin ] --END-- [ RunTime:0.000554s ]

[ 2017-02-22T13:28:42+08:00 ] 101.226.64.174 /yanwan/index.php/Home/Userinfo/userfinfoshowone%252525EF%252525BC%2525259F
INFO: [ app_init ] --START--
INFO: Run Behavior\BuildLiteBehavior [ RunTime:0.000020s ]
INFO: [ app_init ] --END-- [ RunTime:0.000342s ]
INFO: [ app_begin ] --START--
INFO: Run Behavior\ReadHtmlCacheBehavior [ RunTime:0.000357s ]
INFO: [ app_begin ] --END-- [ RunTime:0.000419s ]

[ 2017-02-22T13:28:51+08:00 ] 101.226.33.221 /yanwan/index.php/Home/Userinfo/userfinfoshowone%252525EF%252525BC%2525259F
INFO: [ app_init ] --START--
INFO: Run Behavior\BuildLiteBehavior [ RunTime:0.000012s ]
INFO: [ app_init ] --END-- [ RunTime:0.000279s ]
INFO: [ app_begin ] --START--
INFO: Run Behavior\ReadHtmlCacheBehavior [ RunTime:0.000349s ]
INFO: [ app_begin ] --END-- [ RunTime:0.000398s ]

[ 2017-02-22T13:28:51+08:00 ] 180.163.2.119 /yanwan/index.php/Home/Userinfo/userfinfoshow?YW_User_ID%252525252525253D1%2525252525252526tablename%252525252525253Dyw_user_info
INFO: [ app_init ] --START--
INFO: Run Behavior\BuildLiteBehavior [ RunTime:0.000020s ]
INFO: [ app_init ] --END-- [ RunTime:0.000297s ]
INFO: [ app_begin ] --START--
INFO: Run Behavior\ReadHtmlCacheBehavior [ RunTime:0.000343s ]
INFO: [ app_begin ] --END-- [ RunTime:0.000404s ]

[ 2017-02-22T15:29:26+08:00 ] 180.153.214.182 /yanwan/index.php/Home/Userinfo/userfinfoshow/?YW_User_ID%252525253D1
INFO: [ app_init ] --START--
INFO: Run Behavior\BuildLiteBehavior [ RunTime:0.000016s ]
INFO: [ app_init ] --END-- [ RunTime:0.000613s ]
INFO: [ app_begin ] --START--
INFO: Run Behavior\ReadHtmlCacheBehavior [ RunTime:0.000780s ]
INFO: [ app_begin ] --END-- [ RunTime:0.000852s ]

[ 2017-02-22T15:56:19+08:00 ] 180.153.214.200 /yanwan/index.php/Home/Userinfo/skininfoshow?YW_User_ID%25252525252525253D1
INFO: [ app_init ] --START--
INFO: Run Behavior\BuildLiteBehavior [ RunTime:0.000043s ]
INFO: [ app_init ] --END-- [ RunTime:0.000830s ]
INFO: [ app_begin ] --START--
INFO: Run Behavior\ReadHtmlCacheBehavior [ RunTime:0.000816s ]
INFO: [ app_begin ] --END-- [ RunTime:0.000887s ]

[ 2017-02-22T16:00:21+08:00 ] 112.90.82.218 /yanwan/index.php/Home/Userinfo/userfinfoshowone%25252525EF%25252525BC%252525259F
INFO: [ app_init ] --START--
INFO: Run Behavior\BuildLiteBehavior [ RunTime:0.000014s ]
INFO: [ app_init ] --END-- [ RunTime:0.000262s ]
INFO: [ app_begin ] --START--
INFO: Run Behavior\ReadHtmlCacheBehavior [ RunTime:0.000309s ]
INFO: [ app_begin ] --END-- [ RunTime:0.000350s ]

[ 2017-02-22T16:00:31+08:00 ] 101.226.66.193 /yanwan/index.php/Home/Userinfo/userfinfoshowone%25252525EF%25252525BC%252525259F
INFO: [ app_init ] --START--
INFO: Run Behavior\BuildLiteBehavior [ RunTime:0.000021s ]
INFO: [ app_init ] --END-- [ RunTime:0.000385s ]
INFO: [ app_begin ] --START--
INFO: Run Behavior\ReadHtmlCacheBehavior [ RunTime:0.000460s ]
INFO: [ app_begin ] --END-- [ RunTime:0.000518s ]

[ 2017-02-22T16:05:15+08:00 ] 101.226.66.193 /yanwan/index.php/Home/Userinfo/userinfoupdata?YW_User_ID%2525253D1%25252526tablename%2525253Dyw_user_info
INFO: [ app_init ] --START--
INFO: Run Behavior\BuildLiteBehavior [ RunTime:0.000020s ]
INFO: [ app_init ] --END-- [ RunTime:0.000318s ]
INFO: [ app_begin ] --START--
INFO: Run Behavior\ReadHtmlCacheBehavior [ RunTime:0.000317s ]
INFO: [ app_begin ] --END-- [ RunTime:0.000357s ]

[ 2017-02-22T16:06:06+08:00 ] 119.147.207.158 /yanwan/index.php/Home/Userinfo/userfinfoshow?YW_User_ID%25252525252525253D1%252525252525252526tablename%25252525252525253Dyw_user_info
INFO: [ app_init ] --START--
INFO: Run Behavior\BuildLiteBehavior [ RunTime:0.000019s ]
INFO: [ app_init ] --END-- [ RunTime:0.000354s ]
INFO: [ app_begin ] --START--
INFO: Run Behavior\ReadHtmlCacheBehavior [ RunTime:0.000460s ]
INFO: [ app_begin ] --END-- [ RunTime:0.000533s ]

[ 2017-02-22T16:06:15+08:00 ] 180.153.201.28 /yanwan/index.php/Home/Userinfo/userfinfoshow?YW_User_ID%25252525252525253D1%252525252525252526tablename%25252525252525253Dyw_user_info
INFO: [ app_init ] --START--
INFO: Run Behavior\BuildLiteBehavior [ RunTime:0.000016s ]
INFO: [ app_init ] --END-- [ RunTime:0.000324s ]
INFO: [ app_begin ] --START--
INFO: Run Behavior\ReadHtmlCacheBehavior [ RunTime:0.000389s ]
INFO: [ app_begin ] --END-- [ RunTime:0.000442s ]

[ 2017-02-22T17:54:40+08:00 ] 101.226.68.215 /yanwan/index.php/Home/Userinfo/userfinfoshow/?YW_User_ID%25252525253D1
INFO: [ app_init ] --START--
INFO: Run Behavior\BuildLiteBehavior [ RunTime:0.000016s ]
INFO: [ app_init ] --END-- [ RunTime:0.000304s ]
INFO: [ app_begin ] --START--
INFO: Run Behavior\ReadHtmlCacheBehavior [ RunTime:0.000372s ]
INFO: [ app_begin ] --END-- [ RunTime:0.000427s ]

[ 2017-02-22T17:54:49+08:00 ] 101.226.65.105 /yanwan/index.php/Home/Userinfo/userfinfoshow/?YW_User_ID%25252525253D1
INFO: [ app_init ] --START--
INFO: Run Behavior\BuildLiteBehavior [ RunTime:0.000015s ]
INFO: [ app_init ] --END-- [ RunTime:0.000285s ]
INFO: [ app_begin ] --START--
INFO: Run Behavior\ReadHtmlCacheBehavior [ RunTime:0.000318s ]
INFO: [ app_begin ] --END-- [ RunTime:0.000359s ]

[ 2017-02-22T18:47:11+08:00 ] 101.226.33.205 /yanwan/index.php/Home/Userinfo/skininfoshow?YW_User_ID%2525252525252525253D1
INFO: [ app_init ] --START--
INFO: Run Behavior\BuildLiteBehavior [ RunTime:0.000014s ]
INFO: [ app_init ] --END-- [ RunTime:0.000295s ]
INFO: [ app_begin ] --START--
INFO: Run Behavior\ReadHtmlCacheBehavior [ RunTime:0.000309s ]
INFO: [ app_begin ] --END-- [ RunTime:0.000347s ]

[ 2017-02-22T18:47:11+08:00 ] 180.153.206.22 /yanwan/index.php/Home/Userinfo/skininfoshow?YW_User_ID%2525252525252525253D1
INFO: [ app_init ] --START--
INFO: Run Behavior\BuildLiteBehavior [ RunTime:0.000014s ]
INFO: [ app_init ] --END-- [ RunTime:0.000273s ]
INFO: [ app_begin ] --START--
INFO: Run Behavior\ReadHtmlCacheBehavior [ RunTime:0.000335s ]
INFO: [ app_begin ] --END-- [ RunTime:0.000382s ]

[ 2017-02-22T18:47:11+08:00 ] 101.226.33.226 /yanwan/index.php/Home/Userinfo/skininfoshow?YW_User_ID%2525252525252525253D1
INFO: [ app_init ] --START--
INFO: Run Behavior\BuildLiteBehavior [ RunTime:0.000013s ]
INFO: [ app_init ] --END-- [ RunTime:0.000247s ]
INFO: [ app_begin ] --START--
INFO: Run Behavior\ReadHtmlCacheBehavior [ RunTime:0.000297s ]
INFO: [ app_begin ] --END-- [ RunTime:0.000354s ]

[ 2017-02-22T18:47:11+08:00 ] 101.226.89.120 /yanwan/index.php/Home/Userinfo/skininfoshow?YW_User_ID%2525252525252525253D1
INFO: [ app_init ] --START--
INFO: Run Behavior\BuildLiteBehavior [ RunTime:0.000015s ]
INFO: [ app_init ] --END-- [ RunTime:0.000283s ]
INFO: [ app_begin ] --START--
INFO: Run Behavior\ReadHtmlCacheBehavior [ RunTime:0.000338s ]
INFO: [ app_begin ] --END-- [ RunTime:0.000388s ]

[ 2017-02-22T19:04:56+08:00 ] 101.226.89.121 /yanwan/index.php/Home/Userinfo/userfinfoshow?YW_User_ID%2525252525252525253D1%25252525252525252526tablename%2525252525252525253Dyw_user_info
INFO: [ app_init ] --START--
INFO: Run Behavior\BuildLiteBehavior [ RunTime:0.000015s ]
INFO: [ app_init ] --END-- [ RunTime:0.000347s ]
INFO: [ app_begin ] --START--
INFO: Run Behavior\ReadHtmlCacheBehavior [ RunTime:0.000349s ]
INFO: [ app_begin ] --END-- [ RunTime:0.000406s ]

[ 2017-02-22T19:30:54+08:00 ] 101.226.33.224 /yanwan/index.php/Home/Userinfo/userinfoupdata?YW_User_ID%252525253D1%2525252526tablename%252525253Dyw_user_info
INFO: [ app_init ] --START--
INFO: Run Behavior\BuildLiteBehavior [ RunTime:0.000014s ]
INFO: [ app_init ] --END-- [ RunTime:0.000263s ]
INFO: [ app_begin ] --START--
INFO: Run Behavior\ReadHtmlCacheBehavior [ RunTime:0.000333s ]
INFO: [ app_begin ] --END-- [ RunTime:0.000388s ]

[ 2017-02-22T20:14:24+08:00 ] 180.163.2.116 /yanwan/index.php/Home/Userinfo/userfinfoshow/?YW_User_ID%2525252525253D1
INFO: [ app_init ] --START--
INFO: Run Behavior\BuildLiteBehavior [ RunTime:0.000020s ]
INFO: [ app_init ] --END-- [ RunTime:0.000284s ]
INFO: [ app_begin ] --START--
INFO: Run Behavior\ReadHtmlCacheBehavior [ RunTime:0.000336s ]
INFO: [ app_begin ] --END-- [ RunTime:0.000377s ]

[ 2017-02-22T20:40:43+08:00 ] 101.226.65.102 /yanwan/index.php/Home/Userinfo/userfinfoshowone%2525252525EF%2525252525BC%25252525259F
INFO: [ app_init ] --START--
INFO: Run Behavior\BuildLiteBehavior [ RunTime:0.000013s ]
INFO: [ app_init ] --END-- [ RunTime:0.000262s ]
INFO: [ app_begin ] --START--
INFO: Run Behavior\ReadHtmlCacheBehavior [ RunTime:0.000360s ]
INFO: [ app_begin ] --END-- [ RunTime:0.000402s ]

[ 2017-02-22T20:44:21+08:00 ] 101.226.64.174 /yanwan/index.php/Home/Userinfo/skininfoshow?YW_User_ID%252525252525252525253D1
INFO: [ app_init ] --START--
INFO: Run Behavior\BuildLiteBehavior [ RunTime:0.000014s ]
INFO: [ app_init ] --END-- [ RunTime:0.000323s ]
INFO: [ app_begin ] --START--
INFO: Run Behavior\ReadHtmlCacheBehavior [ RunTime:0.000346s ]
INFO: [ app_begin ] --END-- [ RunTime:0.000388s ]

[ 2017-02-22T21:53:09+08:00 ] 101.226.33.202 /yanwan/index.php/Home/Userinfo/userinfoupdata?YW_User_ID%25252525253D1%252525252526tablename%25252525253Dyw_user_info
INFO: [ app_init ] --START--
INFO: Run Behavior\BuildLiteBehavior [ RunTime:0.000022s ]
INFO: [ app_init ] --END-- [ RunTime:0.000416s ]
INFO: [ app_begin ] --START--
INFO: Run Behavior\ReadHtmlCacheBehavior [ RunTime:0.000512s ]
INFO: [ app_begin ] --END-- [ RunTime:0.000579s ]

[ 2017-02-22T23:08:34+08:00 ] 101.226.66.191 /yanwan/index.php/Home/Userinfo/userfinfoshow?YW_User_ID%252525252525252525253D1%2525252525252525252526tablename%252525252525252525253Dyw_user_info
INFO: [ app_init ] --START--
INFO: Run Behavior\BuildLiteBehavior [ RunTime:0.000013s ]
INFO: [ app_init ] --END-- [ RunTime:0.000254s ]
INFO: [ app_begin ] --START--
INFO: Run Behavior\ReadHtmlCacheBehavior [ RunTime:0.000414s ]
INFO: [ app_begin ] --END-- [ RunTime:0.000460s ]

[ 2017-02-22T23:08:34+08:00 ] 180.153.206.18 /yanwan/index.php/Home/Userinfo/userfinfoshow?YW_User_ID%252525252525252525253D1%2525252525252525252526tablename%252525252525252525253Dyw_user_info
INFO: [ app_init ] --START--
INFO: Run Behavior\BuildLiteBehavior [ RunTime:0.000019s ]
INFO: [ app_init ] --END-- [ RunTime:0.000386s ]
INFO: [ app_begin ] --START--
INFO: Run Behavior\ReadHtmlCacheBehavior [ RunTime:0.000443s ]
INFO: [ app_begin ] --END-- [ RunTime:0.000515s ]

[ 2017-02-22T23:08:34+08:00 ] 180.153.205.252 /yanwan/index.php/Home/Userinfo/userfinfoshow?YW_User_ID%252525252525252525253D1%2525252525252525252526tablename%252525252525252525253Dyw_user_info
INFO: [ app_init ] --START--
INFO: Run Behavior\BuildLiteBehavior [ RunTime:0.000020s ]
INFO: [ app_init ] --END-- [ RunTime:0.000410s ]
INFO: [ app_begin ] --START--
INFO: Run Behavior\ReadHtmlCacheBehavior [ RunTime:0.000492s ]
INFO: [ app_begin ] --END-- [ RunTime:0.000561s ]

[ 2017-02-22T23:08:34+08:00 ] 101.226.89.115 /yanwan/index.php/Home/Userinfo/userfinfoshow?YW_User_ID%252525252525252525253D1%2525252525252525252526tablename%252525252525252525253Dyw_user_info
INFO: [ app_init ] --START--
INFO: Run Behavior\BuildLiteBehavior [ RunTime:0.000021s ]
INFO: [ app_init ] --END-- [ RunTime:0.007625s ]
INFO: [ app_begin ] --START--
INFO: Run Behavior\ReadHtmlCacheBehavior [ RunTime:0.000506s ]
INFO: [ app_begin ] --END-- [ RunTime:0.000571s ]

[ 2017-02-22T23:15:31+08:00 ] 101.226.64.174 /yanwan/index.php/Home/Userinfo/userfinfoshow/?YW_User_ID%252525252525253D1
INFO: [ app_init ] --START--
INFO: Run Behavior\BuildLiteBehavior [ RunTime:0.000019s ]
INFO: [ app_init ] --END-- [ RunTime:0.000297s ]
INFO: [ app_begin ] --START--
INFO: Run Behavior\ReadHtmlCacheBehavior [ RunTime:0.000382s ]
INFO: [ app_begin ] --END-- [ RunTime:0.000429s ]

[ 2017-02-22T23:15:40+08:00 ] 101.226.33.208 /yanwan/index.php/Home/Userinfo/userfinfoshow/?YW_User_ID%252525252525253D1
INFO: [ app_init ] --START--
INFO: Run Behavior\BuildLiteBehavior [ RunTime:0.000020s ]
INFO: [ app_init ] --END-- [ RunTime:0.000361s ]
INFO: [ app_begin ] --START--
INFO: Run Behavior\ReadHtmlCacheBehavior [ RunTime:0.000510s ]
INFO: [ app_begin ] --END-- [ RunTime:0.000568s ]

[ 2017-02-22T23:27:36+08:00 ] 101.226.89.115 /yanwan/index.php/Home/Userinfo/userfinfoshowone%252525252525EF%252525252525BC%2525252525259F
INFO: [ app_init ] --START--
INFO: Run Behavior\BuildLiteBehavior [ RunTime:0.000023s ]
INFO: [ app_init ] --END-- [ RunTime:0.000294s ]
INFO: [ app_begin ] --START--
INFO: Run Behavior\ReadHtmlCacheBehavior [ RunTime:0.000465s ]
INFO: [ app_begin ] --END-- [ RunTime:0.000533s ]

[ 2017-02-22T23:39:05+08:00 ] 101.226.79.182 /yanwan/index.php/Home/Userinfo/skininfoshow?YW_User_ID%25252525252525252525253D1
INFO: [ app_init ] --START--
INFO: Run Behavior\BuildLiteBehavior [ RunTime:0.000021s ]
INFO: [ app_init ] --END-- [ RunTime:0.000333s ]
INFO: [ app_begin ] --START--
INFO: Run Behavior\ReadHtmlCacheBehavior [ RunTime:0.000498s ]
INFO: [ app_begin ] --END-- [ RunTime:0.000558s ]

