[ 2017-02-26T00:07:33+08:00 ] 183.57.53.196 /yanwan/index.php/Home/Staffmanagement/test3?aa%252525252525252525253D13787696666
INFO: [ app_init ] --START--
INFO: Run Behavior\BuildLiteBehavior [ RunTime:0.000025s ]
INFO: [ app_init ] --END-- [ RunTime:0.000721s ]
INFO: [ app_begin ] --START--
INFO: Run Behavior\ReadHtmlCacheBehavior [ RunTime:0.000725s ]
INFO: [ app_begin ] --END-- [ RunTime:0.000799s ]
ERR: 非法操作:test3

[ 2017-02-26T01:22:51+08:00 ] 101.226.125.103 /yanwan/index.php/Home/Userinfo/skindata?add_id%2525252525252525253D1
INFO: [ app_init ] --START--
INFO: Run Behavior\BuildLiteBehavior [ RunTime:0.000021s ]
INFO: [ app_init ] --END-- [ RunTime:0.000626s ]
INFO: [ app_begin ] --START--
INFO: Run Behavior\ReadHtmlCacheBehavior [ RunTime:0.000822s ]
INFO: [ app_begin ] --END-- [ RunTime:0.000914s ]
NOTIC: [8] Undefined variable: userinfo /usr/local/apache/htdocs/yanwan/Application/Home/Controller/UserinfoController.class.php 第 23 行.
NOTIC: [8] Undefined index: jsoncallback /usr/local/apache/htdocs/yanwan/Application/Home/Model/ConsumeModel.class.php 第 24 行.

[ 2017-02-26T02:00:17+08:00 ] 101.226.64.174 /yanwan/index.php/Home/Consume/user_xf
INFO: [ app_init ] --START--
INFO: Run Behavior\BuildLiteBehavior [ RunTime:0.000023s ]
INFO: [ app_init ] --END-- [ RunTime:0.000437s ]
INFO: [ app_begin ] --START--
INFO: Run Behavior\ReadHtmlCacheBehavior [ RunTime:0.000499s ]
INFO: [ app_begin ] --END-- [ RunTime:0.000576s ]
SQL: SELECT * FROM `user_performance` ORDER BY YW_UserConsume_ID desc  [ RunTime:0.0032s ]
NOTIC: [8] Undefined offset: -1 /usr/local/apache/htdocs/yanwan/Application/Home/Controller/ConsumeController.class.php 第 193 行.
INFO: [ view_parse ] --START--
INFO: [ template_filter ] --START--
INFO: Run Behavior\ContentReplaceBehavior [ RunTime:0.003144s ]
INFO: [ template_filter ] --END-- [ RunTime:0.003235s ]
INFO: Run Behavior\ParseTemplateBehavior [ RunTime:0.035617s ]
INFO: [ view_parse ] --END-- [ RunTime:0.035712s ]
INFO: [ view_filter ] --START--
INFO: Run Behavior\WriteHtmlCacheBehavior [ RunTime:0.000418s ]
INFO: [ view_filter ] --END-- [ RunTime:0.000470s ]
INFO: [ app_end ] --START--
INFO: Run Behavior\ShowPageTraceBehavior [ RunTime:0.008579s ]
INFO: [ app_end ] --END-- [ RunTime:0.008654s ]

[ 2017-02-26T02:17:31+08:00 ] 180.153.214.192 /yanwan/index.php/home/project/store_manager_delete%2525252526project_id%252525253D16
INFO: [ app_init ] --START--
INFO: Run Behavior\BuildLiteBehavior [ RunTime:0.000016s ]
INFO: [ app_init ] --END-- [ RunTime:0.000345s ]
INFO: [ app_begin ] --START--
INFO: Run Behavior\ReadHtmlCacheBehavior [ RunTime:0.000331s ]
INFO: [ app_begin ] --END-- [ RunTime:0.000503s ]
ERR: 非法操作:store_manager_delete%25252526project_id%2525253D16

[ 2017-02-26T02:28:54+08:00 ] 101.226.66.174 /yanwan/index.php/Home/Userinfo/skindata?add_id%2525252525252525253D1
INFO: [ app_init ] --START--
INFO: Run Behavior\BuildLiteBehavior [ RunTime:0.000019s ]
INFO: [ app_init ] --END-- [ RunTime:0.000385s ]
INFO: [ app_begin ] --START--
INFO: Run Behavior\ReadHtmlCacheBehavior [ RunTime:0.000456s ]
INFO: [ app_begin ] --END-- [ RunTime:0.000502s ]
NOTIC: [8] Undefined variable: userinfo /usr/local/apache/htdocs/yanwan/Application/Home/Controller/UserinfoController.class.php 第 23 行.
NOTIC: [8] Undefined index: jsoncallback /usr/local/apache/htdocs/yanwan/Application/Home/Model/ConsumeModel.class.php 第 24 行.

[ 2017-02-26T04:05:02+08:00 ] 183.57.53.196 /yanwan/index.php/Home/Userinfo/skindata?add_id%252525252525252525253D1
INFO: [ app_init ] --START--
INFO: Run Behavior\BuildLiteBehavior [ RunTime:0.000020s ]
INFO: [ app_init ] --END-- [ RunTime:0.000748s ]
INFO: [ app_begin ] --START--
INFO: Run Behavior\ReadHtmlCacheBehavior [ RunTime:0.000860s ]
INFO: [ app_begin ] --END-- [ RunTime:0.000921s ]
NOTIC: [8] Undefined variable: userinfo /usr/local/apache/htdocs/yanwan/Application/Home/Controller/UserinfoController.class.php 第 23 行.
NOTIC: [8] Undefined index: jsoncallback /usr/local/apache/htdocs/yanwan/Application/Home/Model/ConsumeModel.class.php 第 24 行.

[ 2017-02-26T04:46:56+08:00 ] 180.153.211.190 /yanwan/index.php/Home/Login/login?YW_User_Name%2525253D1%25252526YW_User_Password%2525253D1
INFO: [ app_init ] --START--
INFO: Run Behavior\BuildLiteBehavior [ RunTime:0.000019s ]
INFO: [ app_init ] --END-- [ RunTime:0.000648s ]
INFO: [ app_begin ] --START--
INFO: Run Behavior\ReadHtmlCacheBehavior [ RunTime:0.000648s ]
INFO: [ app_begin ] --END-- [ RunTime:0.000695s ]
NOTIC: [8] Undefined variable: userarr /usr/local/apache/htdocs/yanwan/Application/Home/Controller/LoginController.class.php 第 30 行.
NOTIC: [8] Undefined variable: userarr /usr/local/apache/htdocs/yanwan/Application/Home/Controller/LoginController.class.php 第 37 行.
INFO: [ view_parse ] --START--
INFO: [ template_filter ] --START--
INFO: Run Behavior\ContentReplaceBehavior [ RunTime:0.001207s ]
INFO: [ template_filter ] --END-- [ RunTime:0.001309s ]
INFO: Run Behavior\ParseTemplateBehavior [ RunTime:0.036257s ]
INFO: [ view_parse ] --END-- [ RunTime:0.036324s ]
INFO: [ view_filter ] --START--
INFO: Run Behavior\WriteHtmlCacheBehavior [ RunTime:0.000479s ]
INFO: [ view_filter ] --END-- [ RunTime:0.000606s ]
INFO: [ app_end ] --START--
INFO: Run Behavior\ShowPageTraceBehavior [ RunTime:0.000740s ]
INFO: [ app_end ] --END-- [ RunTime:0.000795s ]

[ 2017-02-26T04:56:40+08:00 ] 180.153.206.17 /yanwan/index.php/home/project/store_manager_delete%252525252526project_id%25252525253D16
INFO: [ app_init ] --START--
INFO: Run Behavior\BuildLiteBehavior [ RunTime:0.000016s ]
INFO: [ app_init ] --END-- [ RunTime:0.000297s ]
INFO: [ app_begin ] --START--
INFO: Run Behavior\ReadHtmlCacheBehavior [ RunTime:0.000300s ]
INFO: [ app_begin ] --END-- [ RunTime:0.000344s ]
ERR: 非法操作:store_manager_delete%2525252526project_id%252525253D16

[ 2017-02-26T05:10:45+08:00 ] 180.153.206.16 /yanwan/index.php/Home/Userinfo/skindata?add_id%252525252525252525253D1
INFO: [ app_init ] --START--
INFO: Run Behavior\BuildLiteBehavior [ RunTime:0.000021s ]
INFO: [ app_init ] --END-- [ RunTime:0.000394s ]
INFO: [ app_begin ] --START--
INFO: Run Behavior\ReadHtmlCacheBehavior [ RunTime:0.000408s ]
INFO: [ app_begin ] --END-- [ RunTime:0.000463s ]
NOTIC: [8] Undefined variable: userinfo /usr/local/apache/htdocs/yanwan/Application/Home/Controller/UserinfoController.class.php 第 23 行.
NOTIC: [8] Undefined index: jsoncallback /usr/local/apache/htdocs/yanwan/Application/Home/Model/ConsumeModel.class.php 第 24 行.

[ 2017-02-26T05:16:13+08:00 ] 183.57.53.196 /yanwan/index.php/Home/Staffmanagement/test3?aa%25252525252525252525253D13787696666
INFO: [ app_init ] --START--
INFO: Run Behavior\BuildLiteBehavior [ RunTime:0.000016s ]
INFO: [ app_init ] --END-- [ RunTime:0.000292s ]
INFO: [ app_begin ] --START--
INFO: Run Behavior\ReadHtmlCacheBehavior [ RunTime:0.000331s ]
INFO: [ app_begin ] --END-- [ RunTime:0.000381s ]
ERR: 非法操作:test3

[ 2017-02-26T05:16:23+08:00 ] 101.226.33.208 /yanwan/index.php/Home/Staffmanagement/test3?aa%25252525252525252525253D13787696666
INFO: [ app_init ] --START--
INFO: Run Behavior\BuildLiteBehavior [ RunTime:0.000016s ]
INFO: [ app_init ] --END-- [ RunTime:0.000276s ]
INFO: [ app_begin ] --START--
INFO: Run Behavior\ReadHtmlCacheBehavior [ RunTime:0.000425s ]
INFO: [ app_begin ] --END-- [ RunTime:0.000476s ]
ERR: 非法操作:test3

[ 2017-02-26T06:42:02+08:00 ] 101.226.33.203 /yanwan/index.php/Home/Login/login?YW_User_Name%252525253D1%2525252526YW_User_Password%252525253D1
INFO: [ app_init ] --START--
INFO: Run Behavior\BuildLiteBehavior [ RunTime:0.000017s ]
INFO: [ app_init ] --END-- [ RunTime:0.000582s ]
INFO: [ app_begin ] --START--
INFO: Run Behavior\ReadHtmlCacheBehavior [ RunTime:0.000841s ]
INFO: [ app_begin ] --END-- [ RunTime:0.000900s ]
NOTIC: [8] Undefined variable: userarr /usr/local/apache/htdocs/yanwan/Application/Home/Controller/LoginController.class.php 第 30 行.
NOTIC: [8] Undefined variable: userarr /usr/local/apache/htdocs/yanwan/Application/Home/Controller/LoginController.class.php 第 37 行.
INFO: [ view_parse ] --START--
INFO: [ template_filter ] --START--
INFO: Run Behavior\ContentReplaceBehavior [ RunTime:0.000086s ]
INFO: [ template_filter ] --END-- [ RunTime:0.000164s ]
INFO: Run Behavior\ParseTemplateBehavior [ RunTime:0.019328s ]
INFO: [ view_parse ] --END-- [ RunTime:0.019552s ]
INFO: [ view_filter ] --START--
INFO: Run Behavior\WriteHtmlCacheBehavior [ RunTime:0.007729s ]
INFO: [ view_filter ] --END-- [ RunTime:0.007916s ]
INFO: [ app_end ] --START--
INFO: Run Behavior\ShowPageTraceBehavior [ RunTime:0.002385s ]
INFO: [ app_end ] --END-- [ RunTime:0.002456s ]

[ 2017-02-26T06:52:09+08:00 ] 101.226.33.217 /yanwan/index.php/Home/Userinfo/skindata?add_id%25252525252525252525253D1
INFO: [ app_init ] --START--
INFO: Run Behavior\BuildLiteBehavior [ RunTime:0.000021s ]
INFO: [ app_init ] --END-- [ RunTime:0.000384s ]
INFO: [ app_begin ] --START--
INFO: Run Behavior\ReadHtmlCacheBehavior [ RunTime:0.000462s ]
INFO: [ app_begin ] --END-- [ RunTime:0.000520s ]
NOTIC: [8] Undefined variable: userinfo /usr/local/apache/htdocs/yanwan/Application/Home/Controller/UserinfoController.class.php 第 23 行.
NOTIC: [8] Undefined index: jsoncallback /usr/local/apache/htdocs/yanwan/Application/Home/Model/ConsumeModel.class.php 第 24 行.

[ 2017-02-26T07:58:35+08:00 ] 101.226.66.178 /yanwan/index.php/Home/Staffmanagement/test3?aa%2525252525252525252525253D13787696666
INFO: [ app_init ] --START--
INFO: Run Behavior\BuildLiteBehavior [ RunTime:0.000014s ]
INFO: [ app_init ] --END-- [ RunTime:0.000277s ]
INFO: [ app_begin ] --START--
INFO: Run Behavior\ReadHtmlCacheBehavior [ RunTime:0.000348s ]
INFO: [ app_begin ] --END-- [ RunTime:0.000389s ]
ERR: 非法操作:test3

[ 2017-02-26T09:16:37+08:00 ] 180.153.212.13 /yanwan/index.php/Home/Login/login?YW_User_Name%25252525253D1%252525252526YW_User_Password%25252525253D1
INFO: [ app_init ] --START--
INFO: Run Behavior\BuildLiteBehavior [ RunTime:0.000024s ]
INFO: [ app_init ] --END-- [ RunTime:0.001613s ]
INFO: [ app_begin ] --START--
INFO: Run Behavior\ReadHtmlCacheBehavior [ RunTime:0.000814s ]
INFO: [ app_begin ] --END-- [ RunTime:0.000891s ]
NOTIC: [8] Undefined variable: userarr /usr/local/apache/htdocs/yanwan/Application/Home/Controller/LoginController.class.php 第 30 行.
NOTIC: [8] Undefined variable: userarr /usr/local/apache/htdocs/yanwan/Application/Home/Controller/LoginController.class.php 第 37 行.
INFO: [ view_parse ] --START--
INFO: [ template_filter ] --START--
INFO: Run Behavior\ContentReplaceBehavior [ RunTime:0.000106s ]
INFO: [ template_filter ] --END-- [ RunTime:0.000216s ]
INFO: Run Behavior\ParseTemplateBehavior [ RunTime:0.029116s ]
INFO: [ view_parse ] --END-- [ RunTime:0.029225s ]
INFO: [ view_filter ] --START--
INFO: Run Behavior\WriteHtmlCacheBehavior [ RunTime:0.006984s ]
INFO: [ view_filter ] --END-- [ RunTime:0.007061s ]
INFO: [ app_end ] --START--
INFO: Run Behavior\ShowPageTraceBehavior [ RunTime:0.001134s ]
INFO: [ app_end ] --END-- [ RunTime:0.001203s ]

[ 2017-02-26T09:22:44+08:00 ] 180.153.201.79 /yanwan/index.php/Home/Userinfo/skindata?add_id%2525252525252525252525253D1
INFO: [ app_init ] --START--
INFO: Run Behavior\BuildLiteBehavior [ RunTime:0.000012s ]
INFO: [ app_init ] --END-- [ RunTime:0.000276s ]
INFO: [ app_begin ] --START--
INFO: Run Behavior\ReadHtmlCacheBehavior [ RunTime:0.000361s ]
INFO: [ app_begin ] --END-- [ RunTime:0.000408s ]
NOTIC: [8] Undefined variable: userinfo /usr/local/apache/htdocs/yanwan/Application/Home/Controller/UserinfoController.class.php 第 23 行.
NOTIC: [8] Undefined index: jsoncallback /usr/local/apache/htdocs/yanwan/Application/Home/Model/ConsumeModel.class.php 第 24 行.

[ 2017-02-26T09:22:44+08:00 ] 101.226.33.203 /yanwan/index.php/Home/Userinfo/skindata?add_id%2525252525252525252525253D1
INFO: [ app_init ] --START--
INFO: Run Behavior\BuildLiteBehavior [ RunTime:0.000017s ]
INFO: [ app_init ] --END-- [ RunTime:0.000358s ]
INFO: [ app_begin ] --START--
INFO: Run Behavior\ReadHtmlCacheBehavior [ RunTime:0.000320s ]
INFO: [ app_begin ] --END-- [ RunTime:0.000366s ]
NOTIC: [8] Undefined variable: userinfo /usr/local/apache/htdocs/yanwan/Application/Home/Controller/UserinfoController.class.php 第 23 行.
NOTIC: [8] Undefined index: jsoncallback /usr/local/apache/htdocs/yanwan/Application/Home/Model/ConsumeModel.class.php 第 24 行.

[ 2017-02-26T09:22:44+08:00 ] 101.226.33.240 /yanwan/index.php/Home/Userinfo/skindata?add_id%2525252525252525252525253D1
INFO: [ app_init ] --START--
INFO: Run Behavior\BuildLiteBehavior [ RunTime:0.000019s ]
INFO: [ app_init ] --END-- [ RunTime:0.000268s ]
INFO: [ app_begin ] --START--
INFO: Run Behavior\ReadHtmlCacheBehavior [ RunTime:0.000370s ]
INFO: [ app_begin ] --END-- [ RunTime:0.000413s ]
NOTIC: [8] Undefined variable: userinfo /usr/local/apache/htdocs/yanwan/Application/Home/Controller/UserinfoController.class.php 第 23 行.
NOTIC: [8] Undefined index: jsoncallback /usr/local/apache/htdocs/yanwan/Application/Home/Model/ConsumeModel.class.php 第 24 行.

[ 2017-02-26T09:22:44+08:00 ] 180.153.214.192 /yanwan/index.php/Home/Userinfo/skindata?add_id%2525252525252525252525253D1
INFO: [ app_init ] --START--
INFO: Run Behavior\BuildLiteBehavior [ RunTime:0.000016s ]
INFO: [ app_init ] --END-- [ RunTime:0.000305s ]
INFO: [ app_begin ] --START--
INFO: Run Behavior\ReadHtmlCacheBehavior [ RunTime:0.000610s ]
INFO: [ app_begin ] --END-- [ RunTime:0.000664s ]
NOTIC: [8] Undefined variable: userinfo /usr/local/apache/htdocs/yanwan/Application/Home/Controller/UserinfoController.class.php 第 23 行.
NOTIC: [8] Undefined index: jsoncallback /usr/local/apache/htdocs/yanwan/Application/Home/Model/ConsumeModel.class.php 第 24 行.

[ 2017-02-26T09:27:58+08:00 ] 183.57.53.222 /yanwan/index.php/home/project/store_manager_delete%2525252525252526project_id%252525252525253D16
INFO: [ app_init ] --START--
INFO: Run Behavior\BuildLiteBehavior [ RunTime:0.000018s ]
INFO: [ app_init ] --END-- [ RunTime:0.000269s ]
INFO: [ app_begin ] --START--
INFO: Run Behavior\ReadHtmlCacheBehavior [ RunTime:0.000356s ]
INFO: [ app_begin ] --END-- [ RunTime:0.000406s ]
ERR: 非法操作:store_manager_delete%25252525252526project_id%2525252525253D16

[ 2017-02-26T09:28:08+08:00 ] 180.153.163.190 /yanwan/index.php/home/project/store_manager_delete%2525252525252526project_id%252525252525253D16
INFO: [ app_init ] --START--
INFO: Run Behavior\BuildLiteBehavior [ RunTime:0.000020s ]
INFO: [ app_init ] --END-- [ RunTime:0.000408s ]
INFO: [ app_begin ] --START--
INFO: Run Behavior\ReadHtmlCacheBehavior [ RunTime:0.000336s ]
INFO: [ app_begin ] --END-- [ RunTime:0.000386s ]
ERR: 非法操作:store_manager_delete%25252525252526project_id%2525252525253D16

[ 2017-02-26T11:54:32+08:00 ] 112.90.82.218 /yanwan/index.php/home/project/store_manager_delete%252525252525252526project_id%25252525252525253D16
INFO: [ app_init ] --START--
INFO: Run Behavior\BuildLiteBehavior [ RunTime:0.000024s ]
INFO: [ app_init ] --END-- [ RunTime:0.000763s ]
INFO: [ app_begin ] --START--
INFO: Run Behavior\ReadHtmlCacheBehavior [ RunTime:0.000906s ]
INFO: [ app_begin ] --END-- [ RunTime:0.000992s ]
ERR: 非法操作:store_manager_delete%2525252525252526project_id%252525252525253D16

[ 2017-02-26T11:54:41+08:00 ] 101.226.33.202 /yanwan/index.php/home/project/store_manager_delete%252525252525252526project_id%25252525252525253D16
INFO: [ app_init ] --START--
INFO: Run Behavior\BuildLiteBehavior [ RunTime:0.000015s ]
INFO: [ app_init ] --END-- [ RunTime:0.000326s ]
INFO: [ app_begin ] --START--
INFO: Run Behavior\ReadHtmlCacheBehavior [ RunTime:0.000400s ]
INFO: [ app_begin ] --END-- [ RunTime:0.000452s ]
ERR: 非法操作:store_manager_delete%2525252525252526project_id%252525252525253D16

[ 2017-02-26T12:00:02+08:00 ] 101.226.33.200 /yanwan/index.php/Home/Login/login?YW_User_Name%2525252525253D1%25252525252526YW_User_Password%2525252525253D1
INFO: [ app_init ] --START--
INFO: Run Behavior\BuildLiteBehavior [ RunTime:0.000022s ]
INFO: [ app_init ] --END-- [ RunTime:0.000392s ]
INFO: [ app_begin ] --START--
INFO: Run Behavior\ReadHtmlCacheBehavior [ RunTime:0.000575s ]
INFO: [ app_begin ] --END-- [ RunTime:0.000641s ]
NOTIC: [8] Undefined variable: userarr /usr/local/apache/htdocs/yanwan/Application/Home/Controller/LoginController.class.php 第 30 行.
NOTIC: [8] Undefined variable: userarr /usr/local/apache/htdocs/yanwan/Application/Home/Controller/LoginController.class.php 第 37 行.
INFO: [ view_parse ] --START--
INFO: [ template_filter ] --START--
INFO: Run Behavior\ContentReplaceBehavior [ RunTime:0.000088s ]
INFO: [ template_filter ] --END-- [ RunTime:0.000179s ]
INFO: Run Behavior\ParseTemplateBehavior [ RunTime:0.022721s ]
INFO: [ view_parse ] --END-- [ RunTime:0.022818s ]
INFO: [ view_filter ] --START--
INFO: Run Behavior\WriteHtmlCacheBehavior [ RunTime:0.000633s ]
INFO: [ view_filter ] --END-- [ RunTime:0.000711s ]
INFO: [ app_end ] --START--
INFO: Run Behavior\ShowPageTraceBehavior [ RunTime:0.000887s ]
INFO: [ app_end ] --END-- [ RunTime:0.000948s ]

[ 2017-02-26T12:50:46+08:00 ] 112.90.82.218 /yanwan/index.php/Home/Staffmanagement/test3?aa%252525252525252525252525253D13787696666
INFO: [ app_init ] --START--
INFO: Run Behavior\BuildLiteBehavior [ RunTime:0.000021s ]
INFO: [ app_init ] --END-- [ RunTime:0.000412s ]
INFO: [ app_begin ] --START--
INFO: Run Behavior\ReadHtmlCacheBehavior [ RunTime:0.000485s ]
INFO: [ app_begin ] --END-- [ RunTime:0.000549s ]
ERR: 非法操作:test3

[ 2017-02-26T12:58:32+08:00 ] 140.207.185.107 /yanwan/index.php/Home/Consume/staff_performance
INFO: [ app_init ] --START--
INFO: Run Behavior\BuildLiteBehavior [ RunTime:0.000014s ]
INFO: [ app_init ] --END-- [ RunTime:0.000307s ]
INFO: [ app_begin ] --START--
INFO: Run Behavior\ReadHtmlCacheBehavior [ RunTime:0.000389s ]
INFO: [ app_begin ] --END-- [ RunTime:0.000436s ]
NOTIC: [8] A session had already been started - ignoring session_start() /usr/local/apache/htdocs/yanwan/Application/Home/Model/ConsumeModel.class.php 第 89 行.
SQL: SELECT * FROM `yw_staff_performance` WHERE ( YW_Staff_ID = 1 )  [ RunTime:0.0205s ]
SQL: SELECT `YW_Project_Name`,`YW_Project_Img`,`YW_Project_Cost_Money` FROM `yw_beautyitemlist_project` WHERE ( YW_Project_ID = 1 )  [ RunTime:0.0016s ]
SQL: SELECT `YW_Project_Name`,`YW_Project_Img`,`YW_Project_Cost_Money` FROM `yw_beautyitemlist_project` WHERE ( YW_Project_ID = 2 )  [ RunTime:0.0005s ]
INFO: [ view_parse ] --START--
INFO: [ template_filter ] --START--
INFO: Run Behavior\ContentReplaceBehavior [ RunTime:0.000056s ]
INFO: [ template_filter ] --END-- [ RunTime:0.000126s ]
INFO: Run Behavior\ParseTemplateBehavior [ RunTime:0.023236s ]
INFO: [ view_parse ] --END-- [ RunTime:0.023310s ]
INFO: [ view_filter ] --START--
INFO: Run Behavior\WriteHtmlCacheBehavior [ RunTime:0.000460s ]
INFO: [ view_filter ] --END-- [ RunTime:0.000548s ]
INFO: [ app_end ] --START--
INFO: Run Behavior\ShowPageTraceBehavior [ RunTime:0.000690s ]
INFO: [ app_end ] --END-- [ RunTime:0.000776s ]

[ 2017-02-26T13:04:35+08:00 ] 175.13.255.164 /yanwan/index.php/Home/Consume/user_vip
INFO: [ app_init ] --START--
INFO: Run Behavior\BuildLiteBehavior [ RunTime:0.000015s ]
INFO: [ app_init ] --END-- [ RunTime:0.000346s ]
INFO: [ app_begin ] --START--
INFO: Run Behavior\ReadHtmlCacheBehavior [ RunTime:0.000431s ]
INFO: [ app_begin ] --END-- [ RunTime:0.000481s ]
SQL: SELECT `YW_UserInfo_ID`,`YW_User_ID`,`YW_User_Name` FROM `yw_user_info`  [ RunTime:0.0006s ]
SQL: SELECT COUNT(*) AS tp_count FROM `yw_user_info` LIMIT 1   [ RunTime:0.0103s ]
SQL: SELECT * FROM `yw_userconsume`  [ RunTime:0.0007s ]
NOTIC: [8] Undefined index: jsoncallback /usr/local/apache/htdocs/yanwan/Application/Home/Controller/ConsumeController.class.php 第 31 行.
INFO: [ app_end ] --START--
INFO: Run Behavior\ShowPageTraceBehavior [ RunTime:0.000874s ]
INFO: [ app_end ] --END-- [ RunTime:0.000972s ]

[ 2017-02-26T14:09:08+08:00 ] 119.147.207.158 /yanwan/index.php/Home/Userinfo/skindata?add_id%252525252525252525252525253D1
INFO: [ app_init ] --START--
INFO: Run Behavior\BuildLiteBehavior [ RunTime:0.000014s ]
INFO: [ app_init ] --END-- [ RunTime:0.000329s ]
INFO: [ app_begin ] --START--
INFO: Run Behavior\ReadHtmlCacheBehavior [ RunTime:0.000347s ]
INFO: [ app_begin ] --END-- [ RunTime:0.000410s ]
NOTIC: [8] Undefined variable: userinfo /usr/local/apache/htdocs/yanwan/Application/Home/Controller/UserinfoController.class.php 第 23 行.
NOTIC: [8] Undefined index: jsoncallback /usr/local/apache/htdocs/yanwan/Application/Home/Model/ConsumeModel.class.php 第 24 行.

[ 2017-02-26T15:42:19+08:00 ] 119.147.207.158 /yanwan/index.php/home/project/store_manager_delete%25252525252525252526project_id%2525252525252525253D16
INFO: [ app_init ] --START--
INFO: Run Behavior\BuildLiteBehavior [ RunTime:0.000033s ]
INFO: [ app_init ] --END-- [ RunTime:0.008246s ]
INFO: [ app_begin ] --START--
INFO: Run Behavior\ReadHtmlCacheBehavior [ RunTime:0.010849s ]
INFO: [ app_begin ] --END-- [ RunTime:0.010968s ]
ERR: 非法操作:store_manager_delete%252525252525252526project_id%25252525252525253D16

[ 2017-02-26T15:42:28+08:00 ] 101.226.33.208 /yanwan/index.php/home/project/store_manager_delete%25252525252525252526project_id%2525252525252525253D16
INFO: [ app_init ] --START--
INFO: Run Behavior\BuildLiteBehavior [ RunTime:0.000022s ]
INFO: [ app_init ] --END-- [ RunTime:0.000357s ]
INFO: [ app_begin ] --START--
INFO: Run Behavior\ReadHtmlCacheBehavior [ RunTime:0.000375s ]
INFO: [ app_begin ] --END-- [ RunTime:0.000417s ]
ERR: 非法操作:store_manager_delete%252525252525252526project_id%25252525252525253D16

[ 2017-02-26T16:24:17+08:00 ] 180.153.214.198 /yanwan/index.php/Home/Staffmanagement/test3?aa%25252525252525252525252525253D13787696666
INFO: [ app_init ] --START--
INFO: Run Behavior\BuildLiteBehavior [ RunTime:0.000021s ]
INFO: [ app_init ] --END-- [ RunTime:0.000292s ]
INFO: [ app_begin ] --START--
INFO: Run Behavior\ReadHtmlCacheBehavior [ RunTime:0.000383s ]
INFO: [ app_begin ] --END-- [ RunTime:0.000430s ]
ERR: 非法操作:test3

[ 2017-02-26T16:42:54+08:00 ] 180.163.2.119 /yanwan/index.php/Home/Userinfo/skindata?add_id%25252525252525252525252525253D1
INFO: [ app_init ] --START--
INFO: Run Behavior\BuildLiteBehavior [ RunTime:0.000020s ]
INFO: [ app_init ] --END-- [ RunTime:0.000386s ]
INFO: [ app_begin ] --START--
INFO: Run Behavior\ReadHtmlCacheBehavior [ RunTime:0.000447s ]
INFO: [ app_begin ] --END-- [ RunTime:0.000507s ]
NOTIC: [8] Undefined variable: userinfo /usr/local/apache/htdocs/yanwan/Application/Home/Controller/UserinfoController.class.php 第 23 行.
NOTIC: [8] Undefined index: jsoncallback /usr/local/apache/htdocs/yanwan/Application/Home/Model/ConsumeModel.class.php 第 24 行.

[ 2017-02-26T18:04:07+08:00 ] 101.226.33.240 /yanwan/index.php/home/project/store_manager_delete%2525252525252525252526project_id%252525252525252525253D16
INFO: [ app_init ] --START--
INFO: Run Behavior\BuildLiteBehavior [ RunTime:0.000015s ]
INFO: [ app_init ] --END-- [ RunTime:0.000311s ]
INFO: [ app_begin ] --START--
INFO: Run Behavior\ReadHtmlCacheBehavior [ RunTime:0.000378s ]
INFO: [ app_begin ] --END-- [ RunTime:0.000425s ]
ERR: 非法操作:store_manager_delete%25252525252525252526project_id%2525252525252525253D16

[ 2017-02-26T19:07:45+08:00 ] 180.153.206.17 /yanwan/index.php/Home/Userinfo/skindata?add_id%2525252525252525252525252525253D1
INFO: [ app_init ] --START--
INFO: Run Behavior\BuildLiteBehavior [ RunTime:0.000016s ]
INFO: [ app_init ] --END-- [ RunTime:0.000580s ]
INFO: [ app_begin ] --START--
INFO: Run Behavior\ReadHtmlCacheBehavior [ RunTime:0.000718s ]
INFO: [ app_begin ] --END-- [ RunTime:0.000768s ]
NOTIC: [8] Undefined variable: userinfo /usr/local/apache/htdocs/yanwan/Application/Home/Controller/UserinfoController.class.php 第 23 行.
NOTIC: [8] Undefined index: jsoncallback /usr/local/apache/htdocs/yanwan/Application/Home/Model/ConsumeModel.class.php 第 24 行.

[ 2017-02-26T21:42:57+08:00 ] 180.153.201.66 /yanwan/index.php/Home/Userinfo/skindata?add_id%252525252525252525252525252525253D1
INFO: [ app_init ] --START--
INFO: Run Behavior\BuildLiteBehavior [ RunTime:0.000027s ]
INFO: [ app_init ] --END-- [ RunTime:0.000819s ]
INFO: [ app_begin ] --START--
INFO: Run Behavior\ReadHtmlCacheBehavior [ RunTime:0.000784s ]
INFO: [ app_begin ] --END-- [ RunTime:0.000839s ]
NOTIC: [8] Undefined variable: userinfo /usr/local/apache/htdocs/yanwan/Application/Home/Controller/UserinfoController.class.php 第 23 行.
NOTIC: [8] Undefined index: jsoncallback /usr/local/apache/htdocs/yanwan/Application/Home/Model/ConsumeModel.class.php 第 24 行.

